<?xml version="1.0" encoding="UTF-8"?>
<coverage generated="1696738964902" clover="3.2.0">
  <project timestamp="1696738964902" name="All files">
    <metrics statements="340" coveredstatements="296" conditionals="56" coveredconditionals="53" methods="56" coveredmethods="40" elements="452" coveredelements="389" complexity="0" loc="340" ncloc="340" packages="2" files="15" classes="15"/>
    <package name="entities">
      <metrics statements="133" coveredstatements="127" conditionals="33" coveredconditionals="33" methods="23" coveredmethods="20"/>
      <file name="Battle.ts" path="/home/un4uthorized/Documents/workspace/front-ddd/src/domain/entities/Battle.ts">
        <metrics statements="71" coveredstatements="71" conditionals="24" coveredconditionals="24" methods="11" coveredmethods="11"/>
        <line num="1" count="1" type="stmt"/>
        <line num="2" count="1" type="stmt"/>
        <line num="3" count="1" type="stmt"/>
        <line num="4" count="1" type="stmt"/>
        <line num="5" count="1" type="stmt"/>
        <line num="6" count="1" type="cond" truecount="1" falsecount="0"/>
        <line num="7" count="14" type="stmt"/>
        <line num="8" count="14" type="stmt"/>
        <line num="9" count="14" type="stmt"/>
        <line num="10" count="14" type="stmt"/>
        <line num="11" count="14" type="stmt"/>
        <line num="12" count="1" type="stmt"/>
        <line num="13" count="1" type="cond" truecount="1" falsecount="0"/>
        <line num="14" count="1" type="stmt"/>
        <line num="15" count="1" type="stmt"/>
        <line num="16" count="1" type="stmt"/>
        <line num="17" count="1" type="cond" truecount="1" falsecount="0"/>
        <line num="18" count="2" type="stmt"/>
        <line num="19" count="2" type="stmt"/>
        <line num="20" count="1" type="stmt"/>
        <line num="21" count="1" type="cond" truecount="1" falsecount="0"/>
        <line num="22" count="3" type="stmt"/>
        <line num="23" count="3" type="stmt"/>
        <line num="24" count="1" type="stmt"/>
        <line num="25" count="1" type="cond" truecount="1" falsecount="0"/>
        <line num="26" count="1" type="stmt"/>
        <line num="27" count="1" type="stmt"/>
        <line num="28" count="1" type="stmt"/>
        <line num="29" count="1" type="stmt"/>
        <line num="30" count="1" type="cond" truecount="1" falsecount="0"/>
        <line num="31" count="9" type="stmt"/>
        <line num="32" count="9" type="stmt"/>
        <line num="33" count="1" type="stmt"/>
        <line num="34" count="1" type="cond" truecount="1" falsecount="0"/>
        <line num="35" count="6" type="cond" truecount="1" falsecount="0"/>
        <line num="36" count="1" type="stmt"/>
        <line num="37" count="1" type="cond" truecount="1" falsecount="0"/>
        <line num="38" count="5" type="stmt"/>
        <line num="39" count="5" type="stmt"/>
        <line num="40" count="5" type="stmt"/>
        <line num="41" count="5" type="stmt"/>
        <line num="42" count="5" type="stmt"/>
        <line num="43" count="5" type="stmt"/>
        <line num="44" count="6" type="stmt"/>
        <line num="45" count="1" type="stmt"/>
        <line num="46" count="1" type="cond" truecount="1" falsecount="0"/>
        <line num="47" count="8" type="cond" truecount="1" falsecount="0"/>
        <line num="48" count="8" type="stmt"/>
        <line num="49" count="1" type="stmt"/>
        <line num="50" count="1" type="cond" truecount="1" falsecount="0"/>
        <line num="51" count="3" type="cond" truecount="1" falsecount="0"/>
        <line num="52" count="1" type="stmt"/>
        <line num="53" count="1" type="cond" truecount="1" falsecount="0"/>
        <line num="54" count="2" type="stmt"/>
        <line num="55" count="3" type="cond" truecount="2" falsecount="0"/>
        <line num="56" count="3" type="stmt"/>
        <line num="57" count="1" type="stmt"/>
        <line num="58" count="1" type="cond" truecount="1" falsecount="0"/>
        <line num="59" count="3" type="cond" truecount="1" falsecount="0"/>
        <line num="60" count="1" type="stmt"/>
        <line num="61" count="1" type="cond" truecount="1" falsecount="0"/>
        <line num="62" count="2" type="stmt"/>
        <line num="63" count="3" type="cond" truecount="2" falsecount="0"/>
        <line num="64" count="3" type="stmt"/>
        <line num="65" count="1" type="stmt"/>
        <line num="66" count="1" type="cond" truecount="1" falsecount="0"/>
        <line num="67" count="5" type="cond" truecount="2" falsecount="0"/>
        <line num="68" count="5" type="stmt"/>
        <line num="69" count="1" type="stmt"/>
        <line num="70" count="1" type="stmt"/>
        <line num="71" count="1" type="stmt"/>
      </file>
      <file name="Pokemon.ts" path="/home/un4uthorized/Documents/workspace/front-ddd/src/domain/entities/Pokemon.ts">
        <metrics statements="60" coveredstatements="54" conditionals="9" coveredconditionals="9" methods="12" coveredmethods="9"/>
        <line num="1" count="1" type="stmt"/>
        <line num="2" count="1" type="stmt"/>
        <line num="3" count="1" type="stmt"/>
        <line num="4" count="1" type="stmt"/>
        <line num="5" count="1" type="stmt"/>
        <line num="6" count="1" type="cond" truecount="1" falsecount="0"/>
        <line num="7" count="24" type="stmt"/>
        <line num="8" count="24" type="stmt"/>
        <line num="9" count="24" type="stmt"/>
        <line num="10" count="24" type="stmt"/>
        <line num="11" count="24" type="stmt"/>
        <line num="12" count="24" type="stmt"/>
        <line num="13" count="24" type="stmt"/>
        <line num="14" count="24" type="stmt"/>
        <line num="15" count="1" type="stmt"/>
        <line num="16" count="1" type="cond" truecount="1" falsecount="0"/>
        <line num="17" count="28" type="stmt"/>
        <line num="18" count="28" type="stmt"/>
        <line num="19" count="1" type="stmt"/>
        <line num="20" count="1" type="cond" truecount="1" falsecount="0"/>
        <line num="21" count="6" type="stmt"/>
        <line num="22" count="6" type="stmt"/>
        <line num="23" count="1" type="stmt"/>
        <line num="24" count="1" type="cond" truecount="1" falsecount="0"/>
        <line num="25" count="6" type="stmt"/>
        <line num="26" count="6" type="stmt"/>
        <line num="27" count="1" type="stmt"/>
        <line num="28" count="1" type="cond" truecount="1" falsecount="0"/>
        <line num="29" count="6" type="stmt"/>
        <line num="30" count="6" type="stmt"/>
        <line num="31" count="1" type="stmt"/>
        <line num="32" count="1" type="cond" truecount="1" falsecount="0"/>
        <line num="33" count="24" type="stmt"/>
        <line num="34" count="24" type="stmt"/>
        <line num="35" count="1" type="stmt"/>
        <line num="36" count="1" type="cond" truecount="1" falsecount="0"/>
        <line num="37" count="5" type="stmt"/>
        <line num="38" count="5" type="stmt"/>
        <line num="39" count="1" type="stmt"/>
        <line num="40" count="1" type="cond" truecount="1" falsecount="0"/>
        <line num="41" count="12" type="stmt"/>
        <line num="42" count="12" type="stmt"/>
        <line num="43" count="1" type="stmt"/>
        <line num="44" count="1" type="cond" truecount="1" falsecount="0"/>
        <line num="45" count="6" type="stmt"/>
        <line num="46" count="6" type="stmt"/>
        <line num="47" count="1" type="stmt"/>
        <line num="48" count="1" type="stmt"/>
        <line num="49" count="0" type="stmt"/>
        <line num="50" count="0" type="stmt"/>
        <line num="51" count="1" type="stmt"/>
        <line num="52" count="1" type="stmt"/>
        <line num="53" count="0" type="stmt"/>
        <line num="54" count="0" type="stmt"/>
        <line num="55" count="1" type="stmt"/>
        <line num="56" count="1" type="stmt"/>
        <line num="57" count="0" type="stmt"/>
        <line num="58" count="0" type="stmt"/>
        <line num="59" count="1" type="stmt"/>
        <line num="60" count="1" type="stmt"/>
      </file>
      <file name="index.ts" path="/home/un4uthorized/Documents/workspace/front-ddd/src/domain/entities/index.ts">
        <metrics statements="2" coveredstatements="2" conditionals="0" coveredconditionals="0" methods="0" coveredmethods="0"/>
        <line num="1" count="1" type="stmt"/>
        <line num="2" count="1" type="stmt"/>
      </file>
    </package>
    <package name="value-objects">
      <metrics statements="207" coveredstatements="169" conditionals="23" coveredconditionals="20" methods="33" coveredmethods="20"/>
      <file name="Ability.ts" path="/home/un4uthorized/Documents/workspace/front-ddd/src/domain/value-objects/Ability.ts">
        <metrics statements="15" coveredstatements="11" conditionals="2" coveredconditionals="2" methods="4" coveredmethods="2"/>
        <line num="1" count="1" type="stmt"/>
        <line num="2" count="1" type="cond" truecount="1" falsecount="0"/>
        <line num="3" count="1" type="stmt"/>
        <line num="4" count="1" type="stmt"/>
        <line num="5" count="0" type="stmt"/>
        <line num="6" count="0" type="stmt"/>
        <line num="7" count="1" type="stmt"/>
        <line num="8" count="1" type="stmt"/>
        <line num="9" count="0" type="stmt"/>
        <line num="10" count="0" type="stmt"/>
        <line num="11" count="1" type="stmt"/>
        <line num="12" count="1" type="cond" truecount="1" falsecount="0"/>
        <line num="13" count="5" type="stmt"/>
        <line num="14" count="5" type="stmt"/>
        <line num="15" count="1" type="stmt"/>
      </file>
      <file name="Attack.ts" path="/home/un4uthorized/Documents/workspace/front-ddd/src/domain/value-objects/Attack.ts">
        <metrics statements="41" coveredstatements="39" conditionals="4" coveredconditionals="3" methods="3" coveredmethods="3"/>
        <line num="1" count="1" type="stmt"/>
        <line num="2" count="1" type="stmt"/>
        <line num="3" count="1" type="stmt"/>
        <line num="4" count="1" type="stmt"/>
        <line num="5" count="1" type="stmt"/>
        <line num="6" count="1" type="cond" truecount="1" falsecount="0"/>
        <line num="7" count="6" type="stmt"/>
        <line num="8" count="6" type="stmt"/>
        <line num="9" count="6" type="stmt"/>
        <line num="10" count="6" type="stmt"/>
        <line num="11" count="6" type="cond" truecount="0" falsecount="1"/>
        <line num="12" count="0" type="stmt"/>
        <line num="13" count="0" type="stmt"/>
        <line num="14" count="6" type="stmt"/>
        <line num="15" count="1" type="stmt"/>
        <line num="16" count="1" type="stmt"/>
        <line num="17" count="1" type="cond" truecount="1" falsecount="0"/>
        <line num="18" count="6" type="stmt"/>
        <line num="19" count="6" type="stmt"/>
        <line num="20" count="1" type="stmt"/>
        <line num="21" count="1" type="cond" truecount="1" falsecount="0"/>
        <line num="22" count="5" type="stmt"/>
        <line num="23" count="5" type="stmt"/>
        <line num="24" count="5" type="stmt"/>
        <line num="25" count="5" type="stmt"/>
        <line num="26" count="5" type="stmt"/>
        <line num="27" count="5" type="stmt"/>
        <line num="28" count="5" type="stmt"/>
        <line num="29" count="5" type="stmt"/>
        <line num="30" count="5" type="stmt"/>
        <line num="31" count="5" type="stmt"/>
        <line num="32" count="5" type="stmt"/>
        <line num="33" count="5" type="stmt"/>
        <line num="34" count="5" type="stmt"/>
        <line num="35" count="5" type="stmt"/>
        <line num="36" count="5" type="stmt"/>
        <line num="37" count="5" type="stmt"/>
        <line num="38" count="5" type="stmt"/>
        <line num="39" count="5" type="stmt"/>
        <line num="40" count="5" type="stmt"/>
        <line num="41" count="1" type="stmt"/>
      </file>
      <file name="Fire.ts" path="/home/un4uthorized/Documents/workspace/front-ddd/src/domain/value-objects/Fire.ts">
        <metrics statements="23" coveredstatements="15" conditionals="1" coveredconditionals="1" methods="5" coveredmethods="1"/>
        <line num="1" count="1" type="stmt"/>
        <line num="2" count="1" type="stmt"/>
        <line num="3" count="1" type="stmt"/>
        <line num="4" count="1" type="cond" truecount="1" falsecount="0"/>
        <line num="5" count="2" type="stmt"/>
        <line num="6" count="2" type="stmt"/>
        <line num="7" count="1" type="stmt"/>
        <line num="8" count="1" type="stmt"/>
        <line num="9" count="0" type="stmt"/>
        <line num="10" count="0" type="stmt"/>
        <line num="11" count="1" type="stmt"/>
        <line num="12" count="1" type="stmt"/>
        <line num="13" count="0" type="stmt"/>
        <line num="14" count="0" type="stmt"/>
        <line num="15" count="1" type="stmt"/>
        <line num="16" count="1" type="stmt"/>
        <line num="17" count="0" type="stmt"/>
        <line num="18" count="0" type="stmt"/>
        <line num="19" count="1" type="stmt"/>
        <line num="20" count="1" type="stmt"/>
        <line num="21" count="0" type="stmt"/>
        <line num="22" count="0" type="stmt"/>
        <line num="23" count="1" type="stmt"/>
      </file>
      <file name="Grass.ts" path="/home/un4uthorized/Documents/workspace/front-ddd/src/domain/value-objects/Grass.ts">
        <metrics statements="19" coveredstatements="11" conditionals="1" coveredconditionals="1" methods="5" coveredmethods="1"/>
        <line num="1" count="1" type="stmt"/>
        <line num="2" count="1" type="stmt"/>
        <line num="3" count="1" type="stmt"/>
        <line num="4" count="1" type="cond" truecount="1" falsecount="0"/>
        <line num="5" count="3" type="stmt"/>
        <line num="6" count="3" type="stmt"/>
        <line num="7" count="1" type="stmt"/>
        <line num="8" count="0" type="stmt"/>
        <line num="9" count="0" type="stmt"/>
        <line num="10" count="1" type="stmt"/>
        <line num="11" count="0" type="stmt"/>
        <line num="12" count="0" type="stmt"/>
        <line num="13" count="1" type="stmt"/>
        <line num="14" count="0" type="stmt"/>
        <line num="15" count="0" type="stmt"/>
        <line num="16" count="1" type="stmt"/>
        <line num="17" count="0" type="stmt"/>
        <line num="18" count="0" type="stmt"/>
        <line num="19" count="1" type="stmt"/>
      </file>
      <file name="HealthPoints.ts" path="/home/un4uthorized/Documents/workspace/front-ddd/src/domain/value-objects/HealthPoints.ts">
        <metrics statements="25" coveredstatements="17" conditionals="4" coveredconditionals="3" methods="4" coveredmethods="3"/>
        <line num="1" count="1" type="stmt"/>
        <line num="2" count="1" type="cond" truecount="1" falsecount="0"/>
        <line num="3" count="43" type="stmt"/>
        <line num="4" count="43" type="stmt"/>
        <line num="5" count="1" type="stmt"/>
        <line num="6" count="1" type="cond" truecount="1" falsecount="0"/>
        <line num="7" count="25" type="stmt"/>
        <line num="8" count="25" type="stmt"/>
        <line num="9" count="1" type="stmt"/>
        <line num="10" count="1" type="stmt"/>
        <line num="11" count="0" type="stmt"/>
        <line num="12" count="0" type="stmt"/>
        <line num="13" count="0" type="stmt"/>
        <line num="14" count="0" type="stmt"/>
        <line num="15" count="0" type="stmt"/>
        <line num="16" count="0" type="stmt"/>
        <line num="17" count="1" type="stmt"/>
        <line num="18" count="1" type="cond" truecount="1" falsecount="0"/>
        <line num="19" count="5" type="cond" truecount="0" falsecount="1"/>
        <line num="20" count="0" type="stmt"/>
        <line num="21" count="0" type="stmt"/>
        <line num="22" count="5" type="stmt"/>
        <line num="23" count="5" type="stmt"/>
        <line num="24" count="5" type="stmt"/>
        <line num="25" count="1" type="stmt"/>
      </file>
      <file name="Id.ts" path="/home/un4uthorized/Documents/workspace/front-ddd/src/domain/value-objects/Id.ts">
        <metrics statements="10" coveredstatements="10" conditionals="2" coveredconditionals="2" methods="2" coveredmethods="2"/>
        <line num="1" count="1" type="stmt"/>
        <line num="2" count="1" type="cond" truecount="1" falsecount="0"/>
        <line num="3" count="19" type="stmt"/>
        <line num="4" count="19" type="stmt"/>
        <line num="5" count="1" type="stmt"/>
        <line num="6" count="1" type="cond" truecount="1" falsecount="0"/>
        <line num="7" count="2" type="stmt"/>
        <line num="8" count="2" type="stmt"/>
        <line num="9" count="1" type="stmt"/>
        <line num="10" count="1" type="stmt"/>
      </file>
      <file name="Level.ts" path="/home/un4uthorized/Documents/workspace/front-ddd/src/domain/value-objects/Level.ts">
        <metrics statements="20" coveredstatements="16" conditionals="4" coveredconditionals="3" methods="4" coveredmethods="3"/>
        <line num="1" count="1" type="stmt"/>
        <line num="2" count="1" type="stmt"/>
        <line num="3" count="1" type="cond" truecount="1" falsecount="0"/>
        <line num="4" count="19" type="stmt"/>
        <line num="5" count="19" type="stmt"/>
        <line num="6" count="1" type="stmt"/>
        <line num="7" count="1" type="cond" truecount="1" falsecount="0"/>
        <line num="8" count="2" type="stmt"/>
        <line num="9" count="2" type="stmt"/>
        <line num="10" count="1" type="stmt"/>
        <line num="11" count="1" type="stmt"/>
        <line num="12" count="0" type="stmt"/>
        <line num="13" count="0" type="stmt"/>
        <line num="14" count="1" type="stmt"/>
        <line num="15" count="1" type="cond" truecount="1" falsecount="0"/>
        <line num="16" count="19" type="cond" truecount="0" falsecount="1"/>
        <line num="17" count="0" type="stmt"/>
        <line num="18" count="0" type="stmt"/>
        <line num="19" count="19" type="stmt"/>
        <line num="20" count="1" type="stmt"/>
      </file>
      <file name="Name.ts" path="/home/un4uthorized/Documents/workspace/front-ddd/src/domain/value-objects/Name.ts">
        <metrics statements="10" coveredstatements="10" conditionals="2" coveredconditionals="2" methods="2" coveredmethods="2"/>
        <line num="1" count="1" type="stmt"/>
        <line num="2" count="1" type="cond" truecount="1" falsecount="0"/>
        <line num="3" count="19" type="stmt"/>
        <line num="4" count="19" type="stmt"/>
        <line num="5" count="1" type="stmt"/>
        <line num="6" count="1" type="cond" truecount="1" falsecount="0"/>
        <line num="7" count="2" type="stmt"/>
        <line num="8" count="2" type="stmt"/>
        <line num="9" count="1" type="stmt"/>
        <line num="10" count="1" type="stmt"/>
      </file>
      <file name="Turn.ts" path="/home/un4uthorized/Documents/workspace/front-ddd/src/domain/value-objects/Turn.ts">
        <metrics statements="12" coveredstatements="8" conditionals="0" coveredconditionals="0" methods="1" coveredmethods="0"/>
        <line num="1" count="1" type="stmt"/>
        <line num="2" count="1" type="stmt"/>
        <line num="3" count="1" type="stmt"/>
        <line num="4" count="1" type="stmt"/>
        <line num="5" count="1" type="stmt"/>
        <line num="6" count="0" type="stmt"/>
        <line num="7" count="0" type="stmt"/>
        <line num="8" count="0" type="stmt"/>
        <line num="9" count="0" type="stmt"/>
        <line num="10" count="1" type="stmt"/>
        <line num="11" count="1" type="stmt"/>
        <line num="12" count="1" type="stmt"/>
      </file>
      <file name="Type.ts" path="/home/un4uthorized/Documents/workspace/front-ddd/src/domain/value-objects/Type.ts">
        <metrics statements="7" coveredstatements="7" conditionals="1" coveredconditionals="1" methods="1" coveredmethods="1"/>
        <line num="1" count="1" type="stmt"/>
        <line num="2" count="1" type="stmt"/>
        <line num="3" count="1" type="stmt"/>
        <line num="4" count="1" type="stmt"/>
        <line num="5" count="1" type="stmt"/>
        <line num="6" count="1" type="cond" truecount="1" falsecount="0"/>
        <line num="7" count="1" type="stmt"/>
      </file>
      <file name="TypeStrategy.ts" path="/home/un4uthorized/Documents/workspace/front-ddd/src/domain/value-objects/TypeStrategy.ts">
        <metrics statements="14" coveredstatements="14" conditionals="2" coveredconditionals="2" methods="2" coveredmethods="2"/>
        <line num="1" count="1" type="stmt"/>
        <line num="2" count="1" type="cond" truecount="1" falsecount="0"/>
        <line num="3" count="5" type="stmt"/>
        <line num="4" count="5" type="stmt"/>
        <line num="5" count="1" type="stmt"/>
        <line num="6" count="1" type="cond" truecount="1" falsecount="0"/>
        <line num="7" count="2" type="stmt"/>
        <line num="8" count="2" type="stmt"/>
        <line num="9" count="1" type="stmt"/>
        <line num="10" count="1" type="stmt"/>
        <line num="11" count="1" type="stmt"/>
        <line num="12" count="1" type="stmt"/>
        <line num="13" count="1" type="stmt"/>
        <line num="14" count="1" type="stmt"/>
      </file>
      <file name="index.ts" path="/home/un4uthorized/Documents/workspace/front-ddd/src/domain/value-objects/index.ts">
        <metrics statements="11" coveredstatements="11" conditionals="0" coveredconditionals="0" methods="0" coveredmethods="0"/>
        <line num="1" count="1" type="stmt"/>
        <line num="2" count="1" type="stmt"/>
        <line num="3" count="1" type="stmt"/>
        <line num="4" count="1" type="stmt"/>
        <line num="5" count="1" type="stmt"/>
        <line num="6" count="1" type="stmt"/>
        <line num="7" count="1" type="stmt"/>
        <line num="8" count="1" type="stmt"/>
        <line num="9" count="1" type="stmt"/>
        <line num="10" count="1" type="stmt"/>
        <line num="11" count="1" type="stmt"/>
      </file>
    </package>
  </project>
</coverage>
